<?xml version="1.0" encoding="UTF-8"?>
<testng-results skipped="0" failed="0" ignored="0" total="1" passed="1">
  <reporter-output>
  </reporter-output>
  <suite name="Default suite" duration-ms="17846" started-at="2019-04-22T18:43:22Z" finished-at="2019-04-22T18:43:40Z">
    <groups>
    </groups>
    <test name="Default test" duration-ms="17846" started-at="2019-04-22T18:43:22Z" finished-at="2019-04-22T18:43:40Z">
      <class name="com.makemytrip.flighTest.FlightBookingTest">
        <test-method status="PASS" signature="BaseTest()[pri:0, instance:com.makemytrip.flighTest.FlightBookingTest@42d80b78]" name="BaseTest" is-config="true" duration-ms="6740" started-at="2019-04-22T18:43:22Z" finished-at="2019-04-22T18:43:29Z">
          <reporter-output>
          </reporter-output>
        </test-method> <!-- BaseTest -->
        <test-method status="PASS" signature="searchFlightsTest()[pri:0, instance:com.makemytrip.flighTest.FlightBookingTest@42d80b78]" name="searchFlightsTest" duration-ms="10907" started-at="2019-04-22T18:43:29Z" finished-at="2019-04-22T18:43:40Z">
          <reporter-output>
          </reporter-output>
        </test-method> <!-- searchFlightsTest -->
        <test-method status="PASS" signature="tearDown()[pri:0, instance:com.makemytrip.flighTest.FlightBookingTest@42d80b78]" name="tearDown" is-config="true" duration-ms="141" started-at="2019-04-22T18:43:40Z" finished-at="2019-04-22T18:43:40Z">
          <reporter-output>
          </reporter-output>
        </test-method> <!-- tearDown -->
      </class> <!-- com.makemytrip.flighTest.FlightBookingTest -->
    </test> <!-- Default test -->
  </suite> <!-- Default suite -->
</testng-results>
